TN:
SF:src/app.module.ts
FNF:0
FNH:0
DA:1,2
DA:2,2
DA:3,2
DA:4,2
DA:5,2
DA:6,2
DA:7,2
DA:8,2
DA:20,2
LF:9
LH:9
BRF:0
BRH:0
end_of_record
TN:
SF:src/main.ts
FN:4,bootstrap
FNF:1
FNH:1
FNDA:1,bootstrap
DA:1,1
DA:2,1
DA:5,1
DA:6,1
DA:7,1
DA:9,1
LF:6
LH:6
BRDA:7,0,0,1
BRDA:7,0,1,1
BRF:2
BRH:2
end_of_record
TN:
SF:src/event-emitter/event-emitter.controller.ts
FNF:0
FNH:0
DA:1,3
DA:4,3
LF:2
LH:2
BRF:0
BRH:0
end_of_record
TN:
SF:src/event-emitter/event-emitter.module.ts
FNF:0
FNH:0
DA:1,6
DA:2,6
DA:8,6
LF:3
LH:3
BRF:0
BRH:0
end_of_record
TN:
SF:src/event-emitter/event-emitter.service.ts
FN:8,(anonymous_2)
FN:12,(anonymous_3)
FN:16,(anonymous_4)
FNF:3
FNH:3
FNDA:37,(anonymous_2)
FNDA:4,(anonymous_3)
FNDA:2,(anonymous_4)
DA:1,13
DA:2,13
DA:5,13
DA:9,37
DA:13,4
DA:17,2
LF:6
LH:6
BRF:0
BRH:0
end_of_record
TN:
SF:src/match/match.controller.ts
FN:7,(anonymous_4)
FN:10,(anonymous_5)
FN:12,(anonymous_6)
FN:13,(anonymous_7)
FNF:4
FNH:3
FNDA:16,(anonymous_4)
FNDA:1,(anonymous_5)
FNDA:1,(anonymous_6)
FNDA:0,(anonymous_7)
DA:1,4
DA:3,4
DA:6,4
DA:7,16
DA:10,4
DA:11,1
DA:12,1
DA:13,0
LF:8
LH:7
BRF:0
BRH:0
end_of_record
TN:
SF:src/match/match.module.ts
FNF:0
FNH:0
DA:1,3
DA:2,3
DA:3,3
DA:4,3
DA:5,3
DA:12,3
LF:6
LH:6
BRF:0
BRH:0
end_of_record
TN:
SF:src/match/match.service.ts
FN:13,(anonymous_2)
FN:17,(anonymous_3)
FNF:2
FNH:2
FNDA:17,(anonymous_2)
FNDA:2,(anonymous_3)
DA:1,5
DA:3,5
DA:12,5
DA:14,17
DA:18,2
LF:5
LH:5
BRF:0
BRH:0
end_of_record
TN:
SF:src/player/player.controller.ts
FN:7,(anonymous_4)
FN:10,(anonymous_5)
FN:19,(anonymous_6)
FNF:3
FNH:3
FNDA:24,(anonymous_4)
FNDA:1,(anonymous_5)
FNDA:1,(anonymous_6)
DA:1,6
DA:3,6
DA:6,6
DA:7,24
DA:10,6
DA:11,1
DA:12,0
DA:18,1
DA:20,1
DA:21,0
DA:26,1
LF:11
LH:9
BRDA:11,0,0,0
BRDA:20,1,0,0
BRF:2
BRH:0
end_of_record
TN:
SF:src/player/player.entity.ts
FNF:0
FNH:0
DA:1,11
DA:4,11
DA:6,11
DA:9,11
DA:12,11
LF:5
LH:5
BRF:0
BRH:0
end_of_record
TN:
SF:src/player/player.module.ts
FNF:0
FNH:0
DA:2,5
DA:3,5
DA:4,5
DA:5,5
DA:6,5
DA:7,5
DA:15,5
LF:7
LH:7
BRF:0
BRH:0
end_of_record
TN:
SF:src/player/player.service.ts
FN:16,(anonymous_4)
FN:23,(anonymous_5)
FN:25,(anonymous_6)
FN:26,(anonymous_7)
FN:27,(anonymous_8)
FN:32,(anonymous_9)
FN:33,(anonymous_10)
FN:39,(anonymous_11)
FN:53,(anonymous_12)
FN:59,(anonymous_13)
FN:60,(anonymous_14)
FN:63,(anonymous_15)
FN:64,(anonymous_16)
FNF:13
FNH:12
FNDA:32,(anonymous_4)
FNDA:45,(anonymous_5)
FNDA:41,(anonymous_6)
FNDA:60,(anonymous_7)
FNDA:0,(anonymous_8)
FNDA:3,(anonymous_9)
FNDA:3,(anonymous_10)
FNDA:2,(anonymous_11)
FNDA:2,(anonymous_12)
FNDA:2,(anonymous_13)
FNDA:2,(anonymous_14)
FNDA:4,(anonymous_15)
FNDA:6,(anonymous_16)
DA:1,11
DA:2,11
DA:3,11
DA:4,11
DA:5,11
DA:13,11
DA:14,32
DA:17,32
DA:18,32
DA:20,32
DA:24,45
DA:25,45
DA:26,60
DA:28,0
DA:33,3
DA:34,1
DA:38,2
DA:39,2
DA:43,2
DA:44,2
DA:47,2
DA:52,2
DA:54,2
DA:55,2
DA:60,2
DA:64,6
LF:26
LH:25
BRDA:33,0,0,1
BRDA:38,1,0,1
BRDA:38,1,1,1
BRF:3
BRH:3
end_of_record
TN:
SF:src/ranking/ranking.controller.ts
FN:9,(anonymous_4)
FN:12,(anonymous_5)
FN:18,(anonymous_6)
FN:20,(anonymous_7)
FNF:4
FNH:4
FNDA:22,(anonymous_4)
FNDA:1,(anonymous_5)
FNDA:1,(anonymous_6)
FNDA:1,(anonymous_7)
DA:1,5
DA:3,5
DA:4,5
DA:5,5
DA:8,5
DA:9,22
DA:12,5
DA:13,1
DA:14,1
DA:18,5
DA:19,1
DA:21,1
LF:12
LH:12
BRF:0
BRH:0
end_of_record
TN:
SF:src/ranking/ranking.module.ts
FNF:0
FNH:0
DA:1,4
DA:2,4
DA:3,4
DA:4,4
DA:5,4
DA:6,4
DA:7,4
DA:15,4
LF:8
LH:8
BRF:0
BRH:0
end_of_record
TN:
SF:src/ranking/ranking.service.ts
FN:13,(anonymous_4)
FN:16,(anonymous_5)
FN:23,(anonymous_6)
FN:31,(anonymous_7)
FN:36,(anonymous_8)
FN:54,(anonymous_9)
FNF:6
FNH:6
FNDA:22,(anonymous_4)
FNDA:1,(anonymous_5)
FNDA:2,(anonymous_6)
FNDA:2,(anonymous_7)
FNDA:2,(anonymous_8)
FNDA:1,(anonymous_9)
DA:1,7
DA:2,7
DA:4,7
DA:5,7
DA:6,7
DA:7,7
DA:10,7
DA:11,22
DA:13,22
DA:14,22
DA:20,1
DA:28,2
DA:32,2
DA:37,2
DA:38,1
DA:41,1
DA:42,1
DA:43,1
DA:44,1
DA:47,1
DA:48,1
DA:51,1
DA:56,1
DA:57,1
DA:58,1
DA:59,1
DA:61,1
DA:62,1
DA:66,1
DA:67,1
DA:69,1
LF:31
LH:31
BRDA:37,0,0,1
BRDA:37,1,0,2
BRDA:37,1,1,1
BRDA:43,2,0,0
BRDA:43,2,1,1
BRDA:44,3,0,0
BRDA:44,3,1,1
BRDA:58,4,0,1
BRDA:61,5,0,1
BRF:9
BRH:7
end_of_record
